[ 2018-09-18T17:41:50+08:00 ] 223.71.100.12 /wk/index.php?m=leads
ERR: You have an error in your SQL syntax; check the manual that corresponds to your MySQL server version for the right syntax to use near '%s) )' at line 1
 [ SQL语句 ] : SELECT role.user_id AS user_id,role.role_id AS role_id,role.position_id AS position_id,user.name AS user_name,user.status AS status,user.weixinid AS weixinid,user.category_id AS category_id,user.sex AS sex,user.address AS address,user.email AS email,user.img AS img,user.telephone AS telephone,user.dashboard AS dashboard,position.name AS role_name,position.parent_id AS parent_id,position.department_id AS department_id,position.description AS description,role_department.name AS department_name FROM wk_role role LEFT JOIN wk_user user ON user.user_id=role.user_id LEFT JOIN wk_position position ON position.position_id=role.position_id LEFT JOIN wk_role_department role_department ON role_department.department_id=position.department_id WHERE ( role.role_id in (%s) ) 

[ 2018-09-18T17:41:52+08:00 ] 223.71.100.12 /wk/index.php?m=leads&a=index&by=public
ERR: You have an error in your SQL syntax; check the manual that corresponds to your MySQL server version for the right syntax to use near '%s) )' at line 1
 [ SQL语句 ] : SELECT role.user_id AS user_id,role.role_id AS role_id,role.position_id AS position_id,user.name AS user_name,user.status AS status,user.weixinid AS weixinid,user.category_id AS category_id,user.sex AS sex,user.address AS address,user.email AS email,user.img AS img,user.telephone AS telephone,user.dashboard AS dashboard,position.name AS role_name,position.parent_id AS parent_id,position.department_id AS department_id,position.description AS description,role_department.name AS department_name FROM wk_role role LEFT JOIN wk_user user ON user.user_id=role.user_id LEFT JOIN wk_position position ON position.position_id=role.position_id LEFT JOIN wk_role_department role_department ON role_department.department_id=position.department_id WHERE ( role.role_id in (%s) ) 

[ 2018-09-18T17:41:53+08:00 ] 223.71.100.12 /wk/index.php?m=leads&a=index&by=public
ERR: You have an error in your SQL syntax; check the manual that corresponds to your MySQL server version for the right syntax to use near '%s) )' at line 1
 [ SQL语句 ] : SELECT role.user_id AS user_id,role.role_id AS role_id,role.position_id AS position_id,user.name AS user_name,user.status AS status,user.weixinid AS weixinid,user.category_id AS category_id,user.sex AS sex,user.address AS address,user.email AS email,user.img AS img,user.telephone AS telephone,user.dashboard AS dashboard,position.name AS role_name,position.parent_id AS parent_id,position.department_id AS department_id,position.description AS description,role_department.name AS department_name FROM wk_role role LEFT JOIN wk_user user ON user.user_id=role.user_id LEFT JOIN wk_position position ON position.position_id=role.position_id LEFT JOIN wk_role_department role_department ON role_department.department_id=position.department_id WHERE ( role.role_id in (%s) ) 

[ 2018-09-18T17:42:34+08:00 ] 223.71.100.12 /wk/index.php?m=user&a=view&id=3
ERR: You have an error in your SQL syntax; check the manual that corresponds to your MySQL server version for the right syntax to use near '%s) )' at line 1
 [ SQL语句 ] : SELECT * FROM `wk_log` WHERE ( log_id in (%s) ) 
ERR: You have an error in your SQL syntax; check the manual that corresponds to your MySQL server version for the right syntax to use near '%s) )' at line 1
 [ SQL语句 ] : SELECT * FROM `wk_file` WHERE ( file_id in (%s) ) 

[ 2018-09-18T17:45:24+08:00 ] 223.71.100.12 /wk/index.php?m=business
ERR: You have an error in your SQL syntax; check the manual that corresponds to your MySQL server version for the right syntax to use near ') )' at line 1
 [ SQL语句 ] : SELECT role.user_id AS user_id,role.role_id AS role_id,role.position_id AS position_id,user.name AS user_name,user.status AS status,user.weixinid AS weixinid,user.category_id AS category_id,user.sex AS sex,user.address AS address,user.email AS email,user.img AS img,user.telephone AS telephone,user.dashboard AS dashboard,position.name AS role_name,position.parent_id AS parent_id,position.department_id AS department_id,position.description AS description,role_department.name AS department_name FROM wk_role role LEFT JOIN wk_user user ON user.user_id=role.user_id LEFT JOIN wk_position position ON position.position_id=role.position_id LEFT JOIN wk_role_department role_department ON role_department.department_id=position.department_id WHERE ( role.role_id in () ) 

[ 2018-09-18T17:47:52+08:00 ] 223.71.100.12 /wk/index.php?m=business
ERR: You have an error in your SQL syntax; check the manual that corresponds to your MySQL server version for the right syntax to use near ') )' at line 1
 [ SQL语句 ] : SELECT role.user_id AS user_id,role.role_id AS role_id,role.position_id AS position_id,user.name AS user_name,user.status AS status,user.weixinid AS weixinid,user.category_id AS category_id,user.sex AS sex,user.address AS address,user.email AS email,user.img AS img,user.telephone AS telephone,user.dashboard AS dashboard,position.name AS role_name,position.parent_id AS parent_id,position.department_id AS department_id,position.description AS description,role_department.name AS department_name FROM wk_role role LEFT JOIN wk_user user ON user.user_id=role.user_id LEFT JOIN wk_position position ON position.position_id=role.position_id LEFT JOIN wk_role_department role_department ON role_department.department_id=position.department_id WHERE ( role.role_id in () ) 

[ 2018-09-18T17:47:53+08:00 ] 223.71.100.12 /wk/index.php?m=leads
ERR: You have an error in your SQL syntax; check the manual that corresponds to your MySQL server version for the right syntax to use near '%s) )' at line 1
 [ SQL语句 ] : SELECT role.user_id AS user_id,role.role_id AS role_id,role.position_id AS position_id,user.name AS user_name,user.status AS status,user.weixinid AS weixinid,user.category_id AS category_id,user.sex AS sex,user.address AS address,user.email AS email,user.img AS img,user.telephone AS telephone,user.dashboard AS dashboard,position.name AS role_name,position.parent_id AS parent_id,position.department_id AS department_id,position.description AS description,role_department.name AS department_name FROM wk_role role LEFT JOIN wk_user user ON user.user_id=role.user_id LEFT JOIN wk_position position ON position.position_id=role.position_id LEFT JOIN wk_role_department role_department ON role_department.department_id=position.department_id WHERE ( role.role_id in (%s) ) 

[ 2018-09-18T17:50:24+08:00 ] 223.71.100.12 /wk/index.php?m=leads
ERR: You have an error in your SQL syntax; check the manual that corresponds to your MySQL server version for the right syntax to use near '%s) )' at line 1
 [ SQL语句 ] : SELECT role.user_id AS user_id,role.role_id AS role_id,role.position_id AS position_id,user.name AS user_name,user.status AS status,user.weixinid AS weixinid,user.category_id AS category_id,user.sex AS sex,user.address AS address,user.email AS email,user.img AS img,user.telephone AS telephone,user.dashboard AS dashboard,position.name AS role_name,position.parent_id AS parent_id,position.department_id AS department_id,position.description AS description,role_department.name AS department_name FROM wk_role role LEFT JOIN wk_user user ON user.user_id=role.user_id LEFT JOIN wk_position position ON position.position_id=role.position_id LEFT JOIN wk_role_department role_department ON role_department.department_id=position.department_id WHERE ( role.role_id in (%s) ) 

[ 2018-09-18T17:50:29+08:00 ] 223.71.100.12 /wk/index.php?m=business
ERR: You have an error in your SQL syntax; check the manual that corresponds to your MySQL server version for the right syntax to use near ') )' at line 1
 [ SQL语句 ] : SELECT role.user_id AS user_id,role.role_id AS role_id,role.position_id AS position_id,user.name AS user_name,user.status AS status,user.weixinid AS weixinid,user.category_id AS category_id,user.sex AS sex,user.address AS address,user.email AS email,user.img AS img,user.telephone AS telephone,user.dashboard AS dashboard,position.name AS role_name,position.parent_id AS parent_id,position.department_id AS department_id,position.description AS description,role_department.name AS department_name FROM wk_role role LEFT JOIN wk_user user ON user.user_id=role.user_id LEFT JOIN wk_position position ON position.position_id=role.position_id LEFT JOIN wk_role_department role_department ON role_department.department_id=position.department_id WHERE ( role.role_id in () ) 

[ 2018-09-18T17:50:30+08:00 ] 223.71.100.12 /wk/index.php?m=business
ERR: You have an error in your SQL syntax; check the manual that corresponds to your MySQL server version for the right syntax to use near ') )' at line 1
 [ SQL语句 ] : SELECT role.user_id AS user_id,role.role_id AS role_id,role.position_id AS position_id,user.name AS user_name,user.status AS status,user.weixinid AS weixinid,user.category_id AS category_id,user.sex AS sex,user.address AS address,user.email AS email,user.img AS img,user.telephone AS telephone,user.dashboard AS dashboard,position.name AS role_name,position.parent_id AS parent_id,position.department_id AS department_id,position.description AS description,role_department.name AS department_name FROM wk_role role LEFT JOIN wk_user user ON user.user_id=role.user_id LEFT JOIN wk_position position ON position.position_id=role.position_id LEFT JOIN wk_role_department role_department ON role_department.department_id=position.department_id WHERE ( role.role_id in () ) 

[ 2018-09-18T17:56:25+08:00 ] 117.136.0.184 /wk/index.php?m=dynamic&a=index&department_id=3
ERR: You have an error in your SQL syntax; check the manual that corresponds to your MySQL server version for the right syntax to use near ') )' at line 1
 [ SQL语句 ] : SELECT `role_id` FROM `wk_role` WHERE ( `position_id` IN () ) 
ERR: You have an error in your SQL syntax; check the manual that corresponds to your MySQL server version for the right syntax to use near ') ) ORDER BY create_time desc LIMIT 0,5' at line 1
 [ SQL语句 ] : SELECT * FROM `wk_action_log` WHERE ( `role_id` IN () ) ORDER BY create_time desc LIMIT 0,5  
ERR: You have an error in your SQL syntax; check the manual that corresponds to your MySQL server version for the right syntax to use near ') ) LIMIT 1' at line 1
 [ SQL语句 ] : SELECT COUNT(*) AS tp_count FROM `wk_action_log` WHERE ( `role_id` IN () ) LIMIT 1  

[ 2018-09-18T17:56:31+08:00 ] 117.136.0.184 /wk/index.php?m=dynamic&a=index&by=crm&reply=&department_id=3&field=&search=
ERR: You have an error in your SQL syntax; check the manual that corresponds to your MySQL server version for the right syntax to use near ') )' at line 1
 [ SQL语句 ] : SELECT `role_id` FROM `wk_role` WHERE ( `position_id` IN () ) 
ERR: You have an error in your SQL syntax; check the manual that corresponds to your MySQL server version for the right syntax to use near ') ) ORDER BY create_time desc LIMIT 0,5' at line 1
 [ SQL语句 ] : SELECT * FROM `wk_action_log` WHERE ( `module_name` <> 'log' ) AND ( `role_id` IN () ) ORDER BY create_time desc LIMIT 0,5  
ERR: You have an error in your SQL syntax; check the manual that corresponds to your MySQL server version for the right syntax to use near ') ) LIMIT 1' at line 1
 [ SQL语句 ] : SELECT COUNT(*) AS tp_count FROM `wk_action_log` WHERE ( `module_name` <> 'log' ) AND ( `role_id` IN () ) LIMIT 1  

[ 2018-09-18T17:56:36+08:00 ] 117.136.0.184 /wk/index.php?m=dynamic&a=index&by=log&reply=&department_id=3&field=&search=
ERR: You have an error in your SQL syntax; check the manual that corresponds to your MySQL server version for the right syntax to use near ') )' at line 1
 [ SQL语句 ] : SELECT `role_id` FROM `wk_role` WHERE ( `position_id` IN () ) 
ERR: You have an error in your SQL syntax; check the manual that corresponds to your MySQL server version for the right syntax to use near ') ) ORDER BY create_time desc LIMIT 0,5' at line 1
 [ SQL语句 ] : SELECT * FROM `wk_action_log` WHERE ( `module_name` = 'log' ) AND ( `role_id` IN () ) ORDER BY create_time desc LIMIT 0,5  
ERR: You have an error in your SQL syntax; check the manual that corresponds to your MySQL server version for the right syntax to use near ') ) LIMIT 1' at line 1
 [ SQL语句 ] : SELECT COUNT(*) AS tp_count FROM `wk_action_log` WHERE ( `module_name` = 'log' ) AND ( `role_id` IN () ) LIMIT 1  

[ 2018-09-18T17:56:56+08:00 ] 223.71.100.12 /wk/index.php?m=leads
ERR: You have an error in your SQL syntax; check the manual that corresponds to your MySQL server version for the right syntax to use near '%s) )' at line 1
 [ SQL语句 ] : SELECT role.user_id AS user_id,role.role_id AS role_id,role.position_id AS position_id,user.name AS user_name,user.status AS status,user.weixinid AS weixinid,user.category_id AS category_id,user.sex AS sex,user.address AS address,user.email AS email,user.img AS img,user.telephone AS telephone,user.dashboard AS dashboard,position.name AS role_name,position.parent_id AS parent_id,position.department_id AS department_id,position.description AS description,role_department.name AS department_name FROM wk_role role LEFT JOIN wk_user user ON user.user_id=role.user_id LEFT JOIN wk_position position ON position.position_id=role.position_id LEFT JOIN wk_role_department role_department ON role_department.department_id=position.department_id WHERE ( role.role_id in (%s) ) 

[ 2018-09-18T17:56:57+08:00 ] 223.71.100.12 /wk/index.php?m=leads
ERR: You have an error in your SQL syntax; check the manual that corresponds to your MySQL server version for the right syntax to use near '%s) )' at line 1
 [ SQL语句 ] : SELECT role.user_id AS user_id,role.role_id AS role_id,role.position_id AS position_id,user.name AS user_name,user.status AS status,user.weixinid AS weixinid,user.category_id AS category_id,user.sex AS sex,user.address AS address,user.email AS email,user.img AS img,user.telephone AS telephone,user.dashboard AS dashboard,position.name AS role_name,position.parent_id AS parent_id,position.department_id AS department_id,position.description AS description,role_department.name AS department_name FROM wk_role role LEFT JOIN wk_user user ON user.user_id=role.user_id LEFT JOIN wk_position position ON position.position_id=role.position_id LEFT JOIN wk_role_department role_department ON role_department.department_id=position.department_id WHERE ( role.role_id in (%s) ) 

[ 2018-09-18T18:00:29+08:00 ] 223.71.100.12 /wk/index.php?m=business
ERR: You have an error in your SQL syntax; check the manual that corresponds to your MySQL server version for the right syntax to use near ') )' at line 1
 [ SQL语句 ] : SELECT role.user_id AS user_id,role.role_id AS role_id,role.position_id AS position_id,user.name AS user_name,user.status AS status,user.weixinid AS weixinid,user.category_id AS category_id,user.sex AS sex,user.address AS address,user.email AS email,user.img AS img,user.telephone AS telephone,user.dashboard AS dashboard,position.name AS role_name,position.parent_id AS parent_id,position.department_id AS department_id,position.description AS description,role_department.name AS department_name FROM wk_role role LEFT JOIN wk_user user ON user.user_id=role.user_id LEFT JOIN wk_position position ON position.position_id=role.position_id LEFT JOIN wk_role_department role_department ON role_department.department_id=position.department_id WHERE ( role.role_id in () ) 

[ 2018-09-18T18:03:13+08:00 ] 223.71.100.12 /wk/index.php?m=contacts&a=index
ERR: You have an error in your SQL syntax; check the manual that corresponds to your MySQL server version for the right syntax to use near ') )' at line 1
 [ SQL语句 ] : SELECT role.user_id AS user_id,role.role_id AS role_id,role.position_id AS position_id,user.name AS user_name,user.status AS status,user.weixinid AS weixinid,user.category_id AS category_id,user.sex AS sex,user.address AS address,user.email AS email,user.img AS img,user.telephone AS telephone,user.dashboard AS dashboard,position.name AS role_name,position.parent_id AS parent_id,position.department_id AS department_id,position.description AS description,role_department.name AS department_name FROM wk_role role LEFT JOIN wk_user user ON user.user_id=role.user_id LEFT JOIN wk_position position ON position.position_id=role.position_id LEFT JOIN wk_role_department role_department ON role_department.department_id=position.department_id WHERE ( role.role_id in () ) 

[ 2018-09-18T18:03:15+08:00 ] 223.71.100.12 /wk/index.php?m=customer&a=analytics
ERR: You have an error in your SQL syntax; check the manual that corresponds to your MySQL server version for the right syntax to use near ') ) AND ( `owner_role_id` = 1 ) AND ( `create_time` <= 1537286399 ) LIMIT 1' at line 1
 [ SQL语句 ] : SELECT COUNT(*) AS tp_count FROM `wk_customer` WHERE ( `is_deleted` = 0 ) AND ( `customer_id` IN () ) AND ( `owner_role_id` = 1 ) AND ( `create_time` <= 1537286399 ) LIMIT 1  
ERR: You have an error in your SQL syntax; check the manual that corresponds to your MySQL server version for the right syntax to use near ') ) AND ( `owner_role_id` = 2 ) AND ( `create_time` <= 1537286399 ) LIMIT 1' at line 1
 [ SQL语句 ] : SELECT COUNT(*) AS tp_count FROM `wk_customer` WHERE ( `is_deleted` = 0 ) AND ( `customer_id` IN () ) AND ( `owner_role_id` = 2 ) AND ( `create_time` <= 1537286399 ) LIMIT 1  
ERR: You have an error in your SQL syntax; check the manual that corresponds to your MySQL server version for the right syntax to use near ') ) AND ( `owner_role_id` = 3 ) AND ( `create_time` <= 1537286399 ) LIMIT 1' at line 1
 [ SQL语句 ] : SELECT COUNT(*) AS tp_count FROM `wk_customer` WHERE ( `is_deleted` = 0 ) AND ( `customer_id` IN () ) AND ( `owner_role_id` = 3 ) AND ( `create_time` <= 1537286399 ) LIMIT 1  
ERR: You have an error in your SQL syntax; check the manual that corresponds to your MySQL server version for the right syntax to use near ') ) AND ( `owner_role_id` = 4 ) AND ( `create_time` <= 1537286399 ) LIMIT 1' at line 1
 [ SQL语句 ] : SELECT COUNT(*) AS tp_count FROM `wk_customer` WHERE ( `is_deleted` = 0 ) AND ( `customer_id` IN () ) AND ( `owner_role_id` = 4 ) AND ( `create_time` <= 1537286399 ) LIMIT 1  

[ 2018-09-18T18:03:18+08:00 ] 223.71.100.12 /wk/index.php?m=leads
ERR: You have an error in your SQL syntax; check the manual that corresponds to your MySQL server version for the right syntax to use near '%s) )' at line 1
 [ SQL语句 ] : SELECT role.user_id AS user_id,role.role_id AS role_id,role.position_id AS position_id,user.name AS user_name,user.status AS status,user.weixinid AS weixinid,user.category_id AS category_id,user.sex AS sex,user.address AS address,user.email AS email,user.img AS img,user.telephone AS telephone,user.dashboard AS dashboard,position.name AS role_name,position.parent_id AS parent_id,position.department_id AS department_id,position.description AS description,role_department.name AS department_name FROM wk_role role LEFT JOIN wk_user user ON user.user_id=role.user_id LEFT JOIN wk_position position ON position.position_id=role.position_id LEFT JOIN wk_role_department role_department ON role_department.department_id=position.department_id WHERE ( role.role_id in (%s) ) 

[ 2018-09-18T18:03:20+08:00 ] 223.71.100.12 /wk/index.php?m=leads
ERR: You have an error in your SQL syntax; check the manual that corresponds to your MySQL server version for the right syntax to use near '%s) )' at line 1
 [ SQL语句 ] : SELECT role.user_id AS user_id,role.role_id AS role_id,role.position_id AS position_id,user.name AS user_name,user.status AS status,user.weixinid AS weixinid,user.category_id AS category_id,user.sex AS sex,user.address AS address,user.email AS email,user.img AS img,user.telephone AS telephone,user.dashboard AS dashboard,position.name AS role_name,position.parent_id AS parent_id,position.department_id AS department_id,position.description AS description,role_department.name AS department_name FROM wk_role role LEFT JOIN wk_user user ON user.user_id=role.user_id LEFT JOIN wk_position position ON position.position_id=role.position_id LEFT JOIN wk_role_department role_department ON role_department.department_id=position.department_id WHERE ( role.role_id in (%s) ) 

[ 2018-09-18T18:03:21+08:00 ] 223.71.100.12 /wk/index.php?m=business
ERR: You have an error in your SQL syntax; check the manual that corresponds to your MySQL server version for the right syntax to use near ') )' at line 1
 [ SQL语句 ] : SELECT role.user_id AS user_id,role.role_id AS role_id,role.position_id AS position_id,user.name AS user_name,user.status AS status,user.weixinid AS weixinid,user.category_id AS category_id,user.sex AS sex,user.address AS address,user.email AS email,user.img AS img,user.telephone AS telephone,user.dashboard AS dashboard,position.name AS role_name,position.parent_id AS parent_id,position.department_id AS department_id,position.description AS description,role_department.name AS department_name FROM wk_role role LEFT JOIN wk_user user ON user.user_id=role.user_id LEFT JOIN wk_position position ON position.position_id=role.position_id LEFT JOIN wk_role_department role_department ON role_department.department_id=position.department_id WHERE ( role.role_id in () ) 

[ 2018-09-18T18:03:30+08:00 ] 223.71.100.12 /wk/index.php?m=leads
ERR: You have an error in your SQL syntax; check the manual that corresponds to your MySQL server version for the right syntax to use near '%s) )' at line 1
 [ SQL语句 ] : SELECT role.user_id AS user_id,role.role_id AS role_id,role.position_id AS position_id,user.name AS user_name,user.status AS status,user.weixinid AS weixinid,user.category_id AS category_id,user.sex AS sex,user.address AS address,user.email AS email,user.img AS img,user.telephone AS telephone,user.dashboard AS dashboard,position.name AS role_name,position.parent_id AS parent_id,position.department_id AS department_id,position.description AS description,role_department.name AS department_name FROM wk_role role LEFT JOIN wk_user user ON user.user_id=role.user_id LEFT JOIN wk_position position ON position.position_id=role.position_id LEFT JOIN wk_role_department role_department ON role_department.department_id=position.department_id WHERE ( role.role_id in (%s) ) 

[ 2018-09-18T18:03:30+08:00 ] 223.71.100.12 /wk/index.php?m=leads
ERR: You have an error in your SQL syntax; check the manual that corresponds to your MySQL server version for the right syntax to use near '%s) )' at line 1
 [ SQL语句 ] : SELECT role.user_id AS user_id,role.role_id AS role_id,role.position_id AS position_id,user.name AS user_name,user.status AS status,user.weixinid AS weixinid,user.category_id AS category_id,user.sex AS sex,user.address AS address,user.email AS email,user.img AS img,user.telephone AS telephone,user.dashboard AS dashboard,position.name AS role_name,position.parent_id AS parent_id,position.department_id AS department_id,position.description AS description,role_department.name AS department_name FROM wk_role role LEFT JOIN wk_user user ON user.user_id=role.user_id LEFT JOIN wk_position position ON position.position_id=role.position_id LEFT JOIN wk_role_department role_department ON role_department.department_id=position.department_id WHERE ( role.role_id in (%s) ) 

[ 2018-09-18T18:03:46+08:00 ] 223.71.100.12 /wk/index.php?m=contacts&a=index
ERR: You have an error in your SQL syntax; check the manual that corresponds to your MySQL server version for the right syntax to use near ') )' at line 1
 [ SQL语句 ] : SELECT role.user_id AS user_id,role.role_id AS role_id,role.position_id AS position_id,user.name AS user_name,user.status AS status,user.weixinid AS weixinid,user.category_id AS category_id,user.sex AS sex,user.address AS address,user.email AS email,user.img AS img,user.telephone AS telephone,user.dashboard AS dashboard,position.name AS role_name,position.parent_id AS parent_id,position.department_id AS department_id,position.description AS description,role_department.name AS department_name FROM wk_role role LEFT JOIN wk_user user ON user.user_id=role.user_id LEFT JOIN wk_position position ON position.position_id=role.position_id LEFT JOIN wk_role_department role_department ON role_department.department_id=position.department_id WHERE ( role.role_id in () ) 

[ 2018-09-18T18:03:47+08:00 ] 223.71.100.12 /wk/index.php?m=customer&a=analytics
ERR: You have an error in your SQL syntax; check the manual that corresponds to your MySQL server version for the right syntax to use near ') ) AND ( `owner_role_id` = 1 ) AND ( `create_time` <= 1537286399 ) LIMIT 1' at line 1
 [ SQL语句 ] : SELECT COUNT(*) AS tp_count FROM `wk_customer` WHERE ( `is_deleted` = 0 ) AND ( `customer_id` IN () ) AND ( `owner_role_id` = 1 ) AND ( `create_time` <= 1537286399 ) LIMIT 1  
ERR: You have an error in your SQL syntax; check the manual that corresponds to your MySQL server version for the right syntax to use near ') ) AND ( `owner_role_id` = 2 ) AND ( `create_time` <= 1537286399 ) LIMIT 1' at line 1
 [ SQL语句 ] : SELECT COUNT(*) AS tp_count FROM `wk_customer` WHERE ( `is_deleted` = 0 ) AND ( `customer_id` IN () ) AND ( `owner_role_id` = 2 ) AND ( `create_time` <= 1537286399 ) LIMIT 1  
ERR: You have an error in your SQL syntax; check the manual that corresponds to your MySQL server version for the right syntax to use near ') ) AND ( `owner_role_id` = 3 ) AND ( `create_time` <= 1537286399 ) LIMIT 1' at line 1
 [ SQL语句 ] : SELECT COUNT(*) AS tp_count FROM `wk_customer` WHERE ( `is_deleted` = 0 ) AND ( `customer_id` IN () ) AND ( `owner_role_id` = 3 ) AND ( `create_time` <= 1537286399 ) LIMIT 1  
ERR: You have an error in your SQL syntax; check the manual that corresponds to your MySQL server version for the right syntax to use near ') ) AND ( `owner_role_id` = 4 ) AND ( `create_time` <= 1537286399 ) LIMIT 1' at line 1
 [ SQL语句 ] : SELECT COUNT(*) AS tp_count FROM `wk_customer` WHERE ( `is_deleted` = 0 ) AND ( `customer_id` IN () ) AND ( `owner_role_id` = 4 ) AND ( `create_time` <= 1537286399 ) LIMIT 1  

